<?xml version="1.0" encoding="UTF-8"?>
<!-- Generated by org.testng.reporters.JUnitXMLReporter -->
<testsuite ignored="0" hostname="sachins-MacBook-Pro.local" failures="4" tests="4" name="Surefire test" time="23.169" errors="0" timestamp="2025-06-24T13:11:47 IST">
  <testcase classname="gettingStarted.TestNGTest" name="testCreateNewEmployee" time="5.914">
    <failure type="com.openai.errors.RateLimitException" message="429: You exceeded your current quota, please check your plan and billing details. For more information on this error, read the docs: https://platform.openai.com/docs/guides/error-codes/api-errors.">
      <![CDATA[com.openai.errors.RateLimitException: 429: You exceeded your current quota, please check your plan and billing details. For more information on this error, read the docs: https://platform.openai.com/docs/guides/error-codes/api-errors.
at com.openai.errors.RateLimitException$Builder.build(RateLimitException.kt:88)
at com.openai.core.handlers.ErrorHandler$withErrorHandler$1.handle(ErrorHandler.kt:73)
at com.openai.services.blocking.chat.ChatCompletionServiceImpl$WithRawResponseImpl$create$1.invoke(ChatCompletionServiceImpl.kt:121)
at com.openai.services.blocking.chat.ChatCompletionServiceImpl$WithRawResponseImpl$create$1.invoke(ChatCompletionServiceImpl.kt:119)
at com.openai.core.http.HttpResponseForKt$parseable$1$parsed$2.invoke(HttpResponseFor.kt:14)
at kotlin.SynchronizedLazyImpl.getValue(LazyJVM.kt:74)
at com.openai.core.http.HttpResponseForKt$parseable$1.getParsed(HttpResponseFor.kt:14)
at com.openai.core.http.HttpResponseForKt$parseable$1.parse(HttpResponseFor.kt:16)
at com.openai.services.blocking.chat.ChatCompletionServiceImpl.create(ChatCompletionServiceImpl.kt:55)
at com.openai.services.blocking.chat.ChatCompletionService.create(ChatCompletionService.kt:48)
at utilities.OpenAIHelper.GetLocatorsForPageAsJson(OpenAIHelper.java:25)
at gettingStarted.TestNGTest.testCreateNewEmployee(TestNGTest.java:72)
at java.base/java.util.ArrayList.forEach(ArrayList.java:1604)
... Removed 30 stack frames]]>
    </failure>
  </testcase> <!-- testCreateNewEmployee -->
  <testcase classname="gettingStarted.TestNGTest" name="testEmployeeListNavigation" time="3.53">
    <failure type="com.openai.errors.RateLimitException" message="429: You exceeded your current quota, please check your plan and billing details. For more information on this error, read the docs: https://platform.openai.com/docs/guides/error-codes/api-errors.">
      <![CDATA[com.openai.errors.RateLimitException: 429: You exceeded your current quota, please check your plan and billing details. For more information on this error, read the docs: https://platform.openai.com/docs/guides/error-codes/api-errors.
at com.openai.errors.RateLimitException$Builder.build(RateLimitException.kt:88)
at com.openai.core.handlers.ErrorHandler$withErrorHandler$1.handle(ErrorHandler.kt:73)
at com.openai.services.blocking.chat.ChatCompletionServiceImpl$WithRawResponseImpl$create$1.invoke(ChatCompletionServiceImpl.kt:121)
at com.openai.services.blocking.chat.ChatCompletionServiceImpl$WithRawResponseImpl$create$1.invoke(ChatCompletionServiceImpl.kt:119)
at com.openai.core.http.HttpResponseForKt$parseable$1$parsed$2.invoke(HttpResponseFor.kt:14)
at kotlin.SynchronizedLazyImpl.getValue(LazyJVM.kt:74)
at com.openai.core.http.HttpResponseForKt$parseable$1.getParsed(HttpResponseFor.kt:14)
at com.openai.core.http.HttpResponseForKt$parseable$1.parse(HttpResponseFor.kt:16)
at com.openai.services.blocking.chat.ChatCompletionServiceImpl.create(ChatCompletionServiceImpl.kt:55)
at com.openai.services.blocking.chat.ChatCompletionService.create(ChatCompletionService.kt:48)
at utilities.OpenAIHelper.GetLocatorsForPageAsJson(OpenAIHelper.java:25)
at gettingStarted.TestNGTest.testEmployeeListNavigation(TestNGTest.java:64)
at java.base/java.util.ArrayList.forEach(ArrayList.java:1604)
... Removed 30 stack frames]]>
    </failure>
  </testcase> <!-- testEmployeeListNavigation -->
  <testcase classname="gettingStarted.TestNGTest" name="testFillEmployeeDetails" time="2.872">
    <failure type="com.openai.errors.RateLimitException" message="429: You exceeded your current quota, please check your plan and billing details. For more information on this error, read the docs: https://platform.openai.com/docs/guides/error-codes/api-errors.">
      <![CDATA[com.openai.errors.RateLimitException: 429: You exceeded your current quota, please check your plan and billing details. For more information on this error, read the docs: https://platform.openai.com/docs/guides/error-codes/api-errors.
at com.openai.errors.RateLimitException$Builder.build(RateLimitException.kt:88)
at com.openai.core.handlers.ErrorHandler$withErrorHandler$1.handle(ErrorHandler.kt:73)
at com.openai.services.blocking.chat.ChatCompletionServiceImpl$WithRawResponseImpl$create$1.invoke(ChatCompletionServiceImpl.kt:121)
at com.openai.services.blocking.chat.ChatCompletionServiceImpl$WithRawResponseImpl$create$1.invoke(ChatCompletionServiceImpl.kt:119)
at com.openai.core.http.HttpResponseForKt$parseable$1$parsed$2.invoke(HttpResponseFor.kt:14)
at kotlin.SynchronizedLazyImpl.getValue(LazyJVM.kt:74)
at com.openai.core.http.HttpResponseForKt$parseable$1.getParsed(HttpResponseFor.kt:14)
at com.openai.core.http.HttpResponseForKt$parseable$1.parse(HttpResponseFor.kt:16)
at com.openai.services.blocking.chat.ChatCompletionServiceImpl.create(ChatCompletionServiceImpl.kt:55)
at com.openai.services.blocking.chat.ChatCompletionService.create(ChatCompletionService.kt:48)
at utilities.OpenAIHelper.GetLocatorsForPageAsJson(OpenAIHelper.java:25)
at gettingStarted.TestNGTest.testFillEmployeeDetails(TestNGTest.java:80)
at java.base/java.util.ArrayList.forEach(ArrayList.java:1604)
... Removed 30 stack frames]]>
    </failure>
  </testcase> <!-- testFillEmployeeDetails -->
  <testcase classname="gettingStarted.TestNGTest" name="testLoginForUserFromAI" time="2.588">
    <failure type="com.openai.errors.RateLimitException" message="429: You exceeded your current quota, please check your plan and billing details. For more information on this error, read the docs: https://platform.openai.com/docs/guides/error-codes/api-errors.">
      <![CDATA[com.openai.errors.RateLimitException: 429: You exceeded your current quota, please check your plan and billing details. For more information on this error, read the docs: https://platform.openai.com/docs/guides/error-codes/api-errors.
at com.openai.errors.RateLimitException$Builder.build(RateLimitException.kt:88)
at com.openai.core.handlers.ErrorHandler$withErrorHandler$1.handle(ErrorHandler.kt:73)
at com.openai.services.blocking.chat.ChatCompletionServiceImpl$WithRawResponseImpl$create$1.invoke(ChatCompletionServiceImpl.kt:121)
at com.openai.services.blocking.chat.ChatCompletionServiceImpl$WithRawResponseImpl$create$1.invoke(ChatCompletionServiceImpl.kt:119)
at com.openai.core.http.HttpResponseForKt$parseable$1$parsed$2.invoke(HttpResponseFor.kt:14)
at kotlin.SynchronizedLazyImpl.getValue(LazyJVM.kt:74)
at com.openai.core.http.HttpResponseForKt$parseable$1.getParsed(HttpResponseFor.kt:14)
at com.openai.core.http.HttpResponseForKt$parseable$1.parse(HttpResponseFor.kt:16)
at com.openai.services.blocking.chat.ChatCompletionServiceImpl.create(ChatCompletionServiceImpl.kt:55)
at com.openai.services.blocking.chat.ChatCompletionService.create(ChatCompletionService.kt:48)
at utilities.OpenAIHelper.GetLocatorsForPageAsJson(OpenAIHelper.java:25)
at gettingStarted.TestNGTest.testLoginForUserFromAI(TestNGTest.java:56)
at java.base/java.util.ArrayList.forEach(ArrayList.java:1604)
... Removed 30 stack frames]]>
    </failure>
  </testcase> <!-- testLoginForUserFromAI -->
</testsuite> <!-- Surefire test -->
