<?xml version="1.0" encoding="UTF-8"?>
<testsuite xmlns:xsi="http://www.w3.org/2001/XMLSchema-instance" xsi:noNamespaceSchemaLocation="https://maven.apache.org/surefire/maven-surefire-plugin/xsd/surefire-test-report-3.0.xsd" version="3.0" name="gettingStarted.TestNGTest" time="23.58" tests="4" errors="0" skipped="0" failures="4">
  <properties>
[...]
</properties>
  <testcase name="testCreateNewEmployee" classname="gettingStarted.TestNGTest" time="5.921">
    <failure message="429: You exceeded your current quota, please check your plan and billing details. For more information on this error, read the docs: https://platform.openai.com/docs/guides/error-codes/api-errors." type="com.openai.errors.RateLimitException"><![CDATA[com.openai.errors.RateLimitException: 429: You exceeded your current quota, please check your plan and billing details. For more information on this error, read the docs: https://platform.openai.com/docs/guides/error-codes/api-errors.
	at com.openai.errors.RateLimitException$Builder.build(RateLimitException.kt:88)
	at com.openai.core.handlers.ErrorHandler$withErrorHandler$1.handle(ErrorHandler.kt:73)
	at com.openai.services.blocking.chat.ChatCompletionServiceImpl$WithRawResponseImpl$create$1.invoke(ChatCompletionServiceImpl.kt:121)
	at com.openai.services.blocking.chat.ChatCompletionServiceImpl$WithRawResponseImpl$create$1.invoke(ChatCompletionServiceImpl.kt:119)
	at com.openai.core.http.HttpResponseForKt$parseable$1$parsed$2.invoke(HttpResponseFor.kt:14)
	at kotlin.SynchronizedLazyImpl.getValue(LazyJVM.kt:74)
	at com.openai.core.http.HttpResponseForKt$parseable$1.getParsed(HttpResponseFor.kt:14)
	at com.openai.core.http.HttpResponseForKt$parseable$1.parse(HttpResponseFor.kt:16)
	at com.openai.services.blocking.chat.ChatCompletionServiceImpl.create(ChatCompletionServiceImpl.kt:55)
	at com.openai.services.blocking.chat.ChatCompletionService.create(ChatCompletionService.kt:48)
	at utilities.OpenAIHelper.GetLocatorsForPageAsJson(OpenAIHelper.java:25)
	at gettingStarted.TestNGTest.testCreateNewEmployee(TestNGTest.java:72)
	at java.base/jdk.internal.reflect.DirectMethodHandleAccessor.invoke(DirectMethodHandleAccessor.java:104)
	at java.base/java.lang.reflect.Method.invoke(Method.java:565)
	at org.testng.internal.invokers.MethodInvocationHelper.invokeMethod(MethodInvocationHelper.java:139)
	at org.testng.internal.invokers.TestInvoker.invokeMethod(TestInvoker.java:664)
	at org.testng.internal.invokers.TestInvoker.invokeTestMethod(TestInvoker.java:228)
	at org.testng.internal.invokers.MethodRunner.runInSequence(MethodRunner.java:63)
	at org.testng.internal.invokers.TestInvoker$MethodInvocationAgent.invoke(TestInvoker.java:961)
	at org.testng.internal.invokers.TestInvoker.invokeTestMethods(TestInvoker.java:201)
	at org.testng.internal.invokers.TestMethodWorker.invokeTestMethods(TestMethodWorker.java:148)
	at org.testng.internal.invokers.TestMethodWorker.run(TestMethodWorker.java:128)
	at java.base/java.util.ArrayList.forEach(ArrayList.java:1604)
	at org.testng.TestRunner.privateRun(TestRunner.java:819)
	at org.testng.TestRunner.run(TestRunner.java:619)
	at org.testng.SuiteRunner.runTest(SuiteRunner.java:443)
	at org.testng.SuiteRunner.runSequentially(SuiteRunner.java:437)
	at org.testng.SuiteRunner.privateRun(SuiteRunner.java:397)
	at org.testng.SuiteRunner.run(SuiteRunner.java:336)
	at org.testng.SuiteRunnerWorker.runSuite(SuiteRunnerWorker.java:52)
	at org.testng.SuiteRunnerWorker.run(SuiteRunnerWorker.java:95)
	at org.testng.TestNG.runSuitesSequentially(TestNG.java:1301)
	at org.testng.TestNG.runSuitesLocally(TestNG.java:1228)
	at org.testng.TestNG.runSuites(TestNG.java:1134)
	at org.testng.TestNG.run(TestNG.java:1101)
	at org.apache.maven.surefire.testng.TestNGExecutor.run(TestNGExecutor.java:155)
	at org.apache.maven.surefire.testng.TestNGDirectoryTestSuite.executeSingleClass(TestNGDirectoryTestSuite.java:102)
	at org.apache.maven.surefire.testng.TestNGDirectoryTestSuite.execute(TestNGDirectoryTestSuite.java:91)
	at org.apache.maven.surefire.testng.TestNGProvider.invoke(TestNGProvider.java:137)
	at org.apache.maven.surefire.booter.ForkedBooter.runSuitesInProcess(ForkedBooter.java:385)
	at org.apache.maven.surefire.booter.ForkedBooter.execute(ForkedBooter.java:162)
	at org.apache.maven.surefire.booter.ForkedBooter.run(ForkedBooter.java:507)
	at org.apache.maven.surefire.booter.ForkedBooter.main(ForkedBooter.java:495)
]]></failure>
    <system-out><![CDATA[Testing the create new employee operation
]]></system-out>
    <system-err><![CDATA[SLF4J: Failed to load class "org.slf4j.impl.StaticLoggerBinder".
SLF4J: Defaulting to no-operation (NOP) logger implementation
SLF4J: See http://www.slf4j.org/codes.html#StaticLoggerBinder for further details.
Jun 24, 2025 1:11:28 PM org.openqa.selenium.devtools.CdpVersionFinder findNearestMatch
WARNING: Unable to find CDP implementation matching 137
Jun 24, 2025 1:11:28 PM org.openqa.selenium.chromium.ChromiumDriver lambda$new$5
WARNING: Unable to find version of CDP to use for 137.0.7151.120. You may need to include a dependency on a specific version of the CDP using something similar to `org.seleniumhq.selenium:selenium-devtools-v86:4.23.1` where the version ("v86") matches the version of the chromium-based browser you're using and the version number of the artifact is the same as Selenium's.
]]></system-err>
  </testcase>
  <testcase name="testEmployeeListNavigation" classname="gettingStarted.TestNGTest" time="3.52">
    <failure message="429: You exceeded your current quota, please check your plan and billing details. For more information on this error, read the docs: https://platform.openai.com/docs/guides/error-codes/api-errors." type="com.openai.errors.RateLimitException"><![CDATA[com.openai.errors.RateLimitException: 429: You exceeded your current quota, please check your plan and billing details. For more information on this error, read the docs: https://platform.openai.com/docs/guides/error-codes/api-errors.
	at com.openai.errors.RateLimitException$Builder.build(RateLimitException.kt:88)
	at com.openai.core.handlers.ErrorHandler$withErrorHandler$1.handle(ErrorHandler.kt:73)
	at com.openai.services.blocking.chat.ChatCompletionServiceImpl$WithRawResponseImpl$create$1.invoke(ChatCompletionServiceImpl.kt:121)
	at com.openai.services.blocking.chat.ChatCompletionServiceImpl$WithRawResponseImpl$create$1.invoke(ChatCompletionServiceImpl.kt:119)
	at com.openai.core.http.HttpResponseForKt$parseable$1$parsed$2.invoke(HttpResponseFor.kt:14)
	at kotlin.SynchronizedLazyImpl.getValue(LazyJVM.kt:74)
	at com.openai.core.http.HttpResponseForKt$parseable$1.getParsed(HttpResponseFor.kt:14)
	at com.openai.core.http.HttpResponseForKt$parseable$1.parse(HttpResponseFor.kt:16)
	at com.openai.services.blocking.chat.ChatCompletionServiceImpl.create(ChatCompletionServiceImpl.kt:55)
	at com.openai.services.blocking.chat.ChatCompletionService.create(ChatCompletionService.kt:48)
	at utilities.OpenAIHelper.GetLocatorsForPageAsJson(OpenAIHelper.java:25)
	at gettingStarted.TestNGTest.testEmployeeListNavigation(TestNGTest.java:64)
	at java.base/jdk.internal.reflect.DirectMethodHandleAccessor.invoke(DirectMethodHandleAccessor.java:104)
	at java.base/java.lang.reflect.Method.invoke(Method.java:565)
	at org.testng.internal.invokers.MethodInvocationHelper.invokeMethod(MethodInvocationHelper.java:139)
	at org.testng.internal.invokers.TestInvoker.invokeMethod(TestInvoker.java:664)
	at org.testng.internal.invokers.TestInvoker.invokeTestMethod(TestInvoker.java:228)
	at org.testng.internal.invokers.MethodRunner.runInSequence(MethodRunner.java:63)
	at org.testng.internal.invokers.TestInvoker$MethodInvocationAgent.invoke(TestInvoker.java:961)
	at org.testng.internal.invokers.TestInvoker.invokeTestMethods(TestInvoker.java:201)
	at org.testng.internal.invokers.TestMethodWorker.invokeTestMethods(TestMethodWorker.java:148)
	at org.testng.internal.invokers.TestMethodWorker.run(TestMethodWorker.java:128)
	at java.base/java.util.ArrayList.forEach(ArrayList.java:1604)
	at org.testng.TestRunner.privateRun(TestRunner.java:819)
	at org.testng.TestRunner.run(TestRunner.java:619)
	at org.testng.SuiteRunner.runTest(SuiteRunner.java:443)
	at org.testng.SuiteRunner.runSequentially(SuiteRunner.java:437)
	at org.testng.SuiteRunner.privateRun(SuiteRunner.java:397)
	at org.testng.SuiteRunner.run(SuiteRunner.java:336)
	at org.testng.SuiteRunnerWorker.runSuite(SuiteRunnerWorker.java:52)
	at org.testng.SuiteRunnerWorker.run(SuiteRunnerWorker.java:95)
	at org.testng.TestNG.runSuitesSequentially(TestNG.java:1301)
	at org.testng.TestNG.runSuitesLocally(TestNG.java:1228)
	at org.testng.TestNG.runSuites(TestNG.java:1134)
	at org.testng.TestNG.run(TestNG.java:1101)
	at org.apache.maven.surefire.testng.TestNGExecutor.run(TestNGExecutor.java:155)
	at org.apache.maven.surefire.testng.TestNGDirectoryTestSuite.executeSingleClass(TestNGDirectoryTestSuite.java:102)
	at org.apache.maven.surefire.testng.TestNGDirectoryTestSuite.execute(TestNGDirectoryTestSuite.java:91)
	at org.apache.maven.surefire.testng.TestNGProvider.invoke(TestNGProvider.java:137)
	at org.apache.maven.surefire.booter.ForkedBooter.runSuitesInProcess(ForkedBooter.java:385)
	at org.apache.maven.surefire.booter.ForkedBooter.execute(ForkedBooter.java:162)
	at org.apache.maven.surefire.booter.ForkedBooter.run(ForkedBooter.java:507)
	at org.apache.maven.surefire.booter.ForkedBooter.main(ForkedBooter.java:495)
]]></failure>
    <system-out><![CDATA[Testing the employee list operation
]]></system-out>
  </testcase>
  <testcase name="testFillEmployeeDetails" classname="gettingStarted.TestNGTest" time="2.873">
    <failure message="429: You exceeded your current quota, please check your plan and billing details. For more information on this error, read the docs: https://platform.openai.com/docs/guides/error-codes/api-errors." type="com.openai.errors.RateLimitException"><![CDATA[com.openai.errors.RateLimitException: 429: You exceeded your current quota, please check your plan and billing details. For more information on this error, read the docs: https://platform.openai.com/docs/guides/error-codes/api-errors.
	at com.openai.errors.RateLimitException$Builder.build(RateLimitException.kt:88)
	at com.openai.core.handlers.ErrorHandler$withErrorHandler$1.handle(ErrorHandler.kt:73)
	at com.openai.services.blocking.chat.ChatCompletionServiceImpl$WithRawResponseImpl$create$1.invoke(ChatCompletionServiceImpl.kt:121)
	at com.openai.services.blocking.chat.ChatCompletionServiceImpl$WithRawResponseImpl$create$1.invoke(ChatCompletionServiceImpl.kt:119)
	at com.openai.core.http.HttpResponseForKt$parseable$1$parsed$2.invoke(HttpResponseFor.kt:14)
	at kotlin.SynchronizedLazyImpl.getValue(LazyJVM.kt:74)
	at com.openai.core.http.HttpResponseForKt$parseable$1.getParsed(HttpResponseFor.kt:14)
	at com.openai.core.http.HttpResponseForKt$parseable$1.parse(HttpResponseFor.kt:16)
	at com.openai.services.blocking.chat.ChatCompletionServiceImpl.create(ChatCompletionServiceImpl.kt:55)
	at com.openai.services.blocking.chat.ChatCompletionService.create(ChatCompletionService.kt:48)
	at utilities.OpenAIHelper.GetLocatorsForPageAsJson(OpenAIHelper.java:25)
	at gettingStarted.TestNGTest.testFillEmployeeDetails(TestNGTest.java:80)
	at java.base/jdk.internal.reflect.DirectMethodHandleAccessor.invoke(DirectMethodHandleAccessor.java:104)
	at java.base/java.lang.reflect.Method.invoke(Method.java:565)
	at org.testng.internal.invokers.MethodInvocationHelper.invokeMethod(MethodInvocationHelper.java:139)
	at org.testng.internal.invokers.TestInvoker.invokeMethod(TestInvoker.java:664)
	at org.testng.internal.invokers.TestInvoker.invokeTestMethod(TestInvoker.java:228)
	at org.testng.internal.invokers.MethodRunner.runInSequence(MethodRunner.java:63)
	at org.testng.internal.invokers.TestInvoker$MethodInvocationAgent.invoke(TestInvoker.java:961)
	at org.testng.internal.invokers.TestInvoker.invokeTestMethods(TestInvoker.java:201)
	at org.testng.internal.invokers.TestMethodWorker.invokeTestMethods(TestMethodWorker.java:148)
	at org.testng.internal.invokers.TestMethodWorker.run(TestMethodWorker.java:128)
	at java.base/java.util.ArrayList.forEach(ArrayList.java:1604)
	at org.testng.TestRunner.privateRun(TestRunner.java:819)
	at org.testng.TestRunner.run(TestRunner.java:619)
	at org.testng.SuiteRunner.runTest(SuiteRunner.java:443)
	at org.testng.SuiteRunner.runSequentially(SuiteRunner.java:437)
	at org.testng.SuiteRunner.privateRun(SuiteRunner.java:397)
	at org.testng.SuiteRunner.run(SuiteRunner.java:336)
	at org.testng.SuiteRunnerWorker.runSuite(SuiteRunnerWorker.java:52)
	at org.testng.SuiteRunnerWorker.run(SuiteRunnerWorker.java:95)
	at org.testng.TestNG.runSuitesSequentially(TestNG.java:1301)
	at org.testng.TestNG.runSuitesLocally(TestNG.java:1228)
	at org.testng.TestNG.runSuites(TestNG.java:1134)
	at org.testng.TestNG.run(TestNG.java:1101)
	at org.apache.maven.surefire.testng.TestNGExecutor.run(TestNGExecutor.java:155)
	at org.apache.maven.surefire.testng.TestNGDirectoryTestSuite.executeSingleClass(TestNGDirectoryTestSuite.java:102)
	at org.apache.maven.surefire.testng.TestNGDirectoryTestSuite.execute(TestNGDirectoryTestSuite.java:91)
	at org.apache.maven.surefire.testng.TestNGProvider.invoke(TestNGProvider.java:137)
	at org.apache.maven.surefire.booter.ForkedBooter.runSuitesInProcess(ForkedBooter.java:385)
	at org.apache.maven.surefire.booter.ForkedBooter.execute(ForkedBooter.java:162)
	at org.apache.maven.surefire.booter.ForkedBooter.run(ForkedBooter.java:507)
	at org.apache.maven.surefire.booter.ForkedBooter.main(ForkedBooter.java:495)
]]></failure>
    <system-out><![CDATA[Testing the fill employee details operation
]]></system-out>
  </testcase>
  <testcase name="testLoginForUserFromAI" classname="gettingStarted.TestNGTest" time="2.589">
    <failure message="429: You exceeded your current quota, please check your plan and billing details. For more information on this error, read the docs: https://platform.openai.com/docs/guides/error-codes/api-errors." type="com.openai.errors.RateLimitException"><![CDATA[com.openai.errors.RateLimitException: 429: You exceeded your current quota, please check your plan and billing details. For more information on this error, read the docs: https://platform.openai.com/docs/guides/error-codes/api-errors.
	at com.openai.errors.RateLimitException$Builder.build(RateLimitException.kt:88)
	at com.openai.core.handlers.ErrorHandler$withErrorHandler$1.handle(ErrorHandler.kt:73)
	at com.openai.services.blocking.chat.ChatCompletionServiceImpl$WithRawResponseImpl$create$1.invoke(ChatCompletionServiceImpl.kt:121)
	at com.openai.services.blocking.chat.ChatCompletionServiceImpl$WithRawResponseImpl$create$1.invoke(ChatCompletionServiceImpl.kt:119)
	at com.openai.core.http.HttpResponseForKt$parseable$1$parsed$2.invoke(HttpResponseFor.kt:14)
	at kotlin.SynchronizedLazyImpl.getValue(LazyJVM.kt:74)
	at com.openai.core.http.HttpResponseForKt$parseable$1.getParsed(HttpResponseFor.kt:14)
	at com.openai.core.http.HttpResponseForKt$parseable$1.parse(HttpResponseFor.kt:16)
	at com.openai.services.blocking.chat.ChatCompletionServiceImpl.create(ChatCompletionServiceImpl.kt:55)
	at com.openai.services.blocking.chat.ChatCompletionService.create(ChatCompletionService.kt:48)
	at utilities.OpenAIHelper.GetLocatorsForPageAsJson(OpenAIHelper.java:25)
	at gettingStarted.TestNGTest.testLoginForUserFromAI(TestNGTest.java:56)
	at java.base/jdk.internal.reflect.DirectMethodHandleAccessor.invoke(DirectMethodHandleAccessor.java:104)
	at java.base/java.lang.reflect.Method.invoke(Method.java:565)
	at org.testng.internal.invokers.MethodInvocationHelper.invokeMethod(MethodInvocationHelper.java:139)
	at org.testng.internal.invokers.TestInvoker.invokeMethod(TestInvoker.java:664)
	at org.testng.internal.invokers.TestInvoker.invokeTestMethod(TestInvoker.java:228)
	at org.testng.internal.invokers.MethodRunner.runInSequence(MethodRunner.java:63)
	at org.testng.internal.invokers.TestInvoker$MethodInvocationAgent.invoke(TestInvoker.java:961)
	at org.testng.internal.invokers.TestInvoker.invokeTestMethods(TestInvoker.java:201)
	at org.testng.internal.invokers.TestMethodWorker.invokeTestMethods(TestMethodWorker.java:148)
	at org.testng.internal.invokers.TestMethodWorker.run(TestMethodWorker.java:128)
	at java.base/java.util.ArrayList.forEach(ArrayList.java:1604)
	at org.testng.TestRunner.privateRun(TestRunner.java:819)
	at org.testng.TestRunner.run(TestRunner.java:619)
	at org.testng.SuiteRunner.runTest(SuiteRunner.java:443)
	at org.testng.SuiteRunner.runSequentially(SuiteRunner.java:437)
	at org.testng.SuiteRunner.privateRun(SuiteRunner.java:397)
	at org.testng.SuiteRunner.run(SuiteRunner.java:336)
	at org.testng.SuiteRunnerWorker.runSuite(SuiteRunnerWorker.java:52)
	at org.testng.SuiteRunnerWorker.run(SuiteRunnerWorker.java:95)
	at org.testng.TestNG.runSuitesSequentially(TestNG.java:1301)
	at org.testng.TestNG.runSuitesLocally(TestNG.java:1228)
	at org.testng.TestNG.runSuites(TestNG.java:1134)
	at org.testng.TestNG.run(TestNG.java:1101)
	at org.apache.maven.surefire.testng.TestNGExecutor.run(TestNGExecutor.java:155)
	at org.apache.maven.surefire.testng.TestNGDirectoryTestSuite.executeSingleClass(TestNGDirectoryTestSuite.java:102)
	at org.apache.maven.surefire.testng.TestNGDirectoryTestSuite.execute(TestNGDirectoryTestSuite.java:91)
	at org.apache.maven.surefire.testng.TestNGProvider.invoke(TestNGProvider.java:137)
	at org.apache.maven.surefire.booter.ForkedBooter.runSuitesInProcess(ForkedBooter.java:385)
	at org.apache.maven.surefire.booter.ForkedBooter.execute(ForkedBooter.java:162)
	at org.apache.maven.surefire.booter.ForkedBooter.run(ForkedBooter.java:507)
	at org.apache.maven.surefire.booter.ForkedBooter.main(ForkedBooter.java:495)
]]></failure>
    <system-out><![CDATA[Testing User Login from AI Locators
]]></system-out>
  </testcase>
</testsuite>